#
# There is insufficient memory for the Java Runtime Environment to continue.
# Native memory allocation (mmap) failed to map 65536 bytes for Failed to commit area from 0x000002b8a3090000 to 0x000002b8a30a0000 of length 65536.
# Possible reasons:
#   The system is out of physical RAM or swap space
#   The process is running with CompressedOops enabled, and the Java Heap may be blocking the growth of the native heap
# Possible solutions:
#   Reduce memory load on the system
#   Increase physical memory or swap space
#   Check if swap backing store is full
#   Decrease Java heap size (-Xmx/-Xms)
#   Decrease number of Java threads
#   Decrease Java thread stack sizes (-Xss)
#   Set larger code cache with -XX:ReservedCodeCacheSize=
# This output file may be truncated or incomplete.
#
#  Out of Memory Error (./src/hotspot/os/windows/os_windows.cpp:3303), pid=8924, tid=15940
#
# JRE version:  (11.0.9.1+11) (build )
# Java VM: OpenJDK 64-Bit Server VM (11.0.9.1+11-b1145.77, mixed mode, sharing, tiered, compressed oops, g1 gc, windows-amd64)
# No core dump will be written. Minidumps are not enabled by default on client versions of Windows
#

---------------  S U M M A R Y ------------

Command Line: org.jetbrains.git4idea.http.GitAskPassApp Username for 'https://github.com': 

Host: Intel(R) Core(TM) i7-9750H CPU @ 2.60GHz, 12 cores, 15G,  Windows 10 , 64 bit Build 19041 (10.0.19041.804)
Time: Wed Mar 31 15:27:43 2021 中国标准时间 elapsed time: 0.055299 seconds (0d 0h 0m 0s)

---------------  T H R E A D  ---------------

Current thread (0x000002b889eac800):  JavaThread "Unknown thread" [_thread_in_vm, id=15940, stack(0x000000cb1ac00000,0x000000cb1ad00000)]

Stack: [0x000000cb1ac00000,0x000000cb1ad00000]
Native frames: (J=compiled Java code, j=interpreted, Vv=VM code, C=native code)
V  [jvm.dll+0x5edd9a]
V  [jvm.dll+0x7229c5]
V  [jvm.dll+0x723f1d]
V  [jvm.dll+0x7245d3]
V  [jvm.dll+0x2431b8]
V  [jvm.dll+0x5eb234]
V  [jvm.dll+0x5e0325]
V  [jvm.dll+0x2fe60b]
V  [jvm.dll+0x2fe57a]
V  [jvm.dll+0x2fe452]
V  [jvm.dll+0x303455]
V  [jvm.dll+0x34baa7]
V  [jvm.dll+0x34c186]
V  [jvm.dll+0x34bb83]
V  [jvm.dll+0x2d9218]
V  [jvm.dll+0x2da3c7]
V  [jvm.dll+0x701a67]
V  [jvm.dll+0x70325c]
V  [jvm.dll+0x359049]
V  [jvm.dll+0x6e552e]
V  [jvm.dll+0x3c1353]
V  [jvm.dll+0x3c3571]
C  [jli.dll+0x5373]
C  [ucrtbase.dll+0x21bb2]
C  [KERNEL32.DLL+0x17034]
C  [ntdll.dll+0x52651]


---------------  P R O C E S S  ---------------

Threads class SMR info:
_java_thread_list=0x000002b888452380, length=0, elements={
}

Java Threads: ( => current thread )

Other Threads:
  0x000002b889ec4800 GCTaskThread "GC Thread#0" [stack: 0x000000cb1ad00000,0x000000cb1ae00000] [id=12360]
  0x000002b889f24000 ConcurrentGCThread "G1 Main Marker" [stack: 0x000000cb1ae00000,0x000000cb1af00000] [id=3420]
  0x000002b889f27800 ConcurrentGCThread "G1 Conc#0" [stack: 0x000000cb1af00000,0x000000cb1b000000] [id=11564]

[error occurred during error reporting (printing all threads), id 0xc0000005, EXCEPTION_ACCESS_VIOLATION (0xc0000005) at pc=0x00007ffc7a4b9807]

VM state:not at safepoint (not fully initialized)

VM Mutex/Monitor currently owned by a thread:  ([mutex/lock_event])
[0x000002b889ea8780] Heap_lock - owner thread: 0x000002b889eac800

Heap address: 0x0000000702800000, size: 4056 MB, Compressed Oops mode: Non-zero based: 0x0000000702800000
Narrow klass base: 0x0000000000000000, Narrow klass shift: 0

GC Heap History (0 events):
No events

Deoptimization events (0 events):
No events

Classes redefined (0 events):
No events

Internal exceptions (0 events):
No events

Events (1 events):
Event: 0.010 Loaded shared library E:\IntelliJ IDEA 2020.3.2\jbr\bin\zip.dll


Dynamic libraries:
0x00007ff680780000 - 0x00007ff68078a000 	E:\IntelliJ IDEA 2020.3.2\jbr\bin\java.exe
0x00007ffccddb0000 - 0x00007ffccdfa5000 	C:\WINDOWS\SYSTEM32\ntdll.dll
0x00007ffccca60000 - 0x00007ffcccb1d000 	C:\WINDOWS\System32\KERNEL32.DLL
0x00007ffccb9b0000 - 0x00007ffccbc79000 	C:\WINDOWS\System32\KERNELBASE.dll
0x00007ffccb7a0000 - 0x00007ffccb8a0000 	C:\WINDOWS\System32\ucrtbase.dll
0x00007ffcc5740000 - 0x00007ffcc5757000 	E:\IntelliJ IDEA 2020.3.2\jbr\bin\VCRUNTIME140.dll
0x00007ffcb9c00000 - 0x00007ffcb9c19000 	E:\IntelliJ IDEA 2020.3.2\jbr\bin\jli.dll
0x00007ffcccdd0000 - 0x00007ffcccf70000 	C:\WINDOWS\System32\USER32.dll
0x00007ffccb4f0000 - 0x00007ffccb512000 	C:\WINDOWS\System32\win32u.dll
0x00007ffccd470000 - 0x00007ffccd49a000 	C:\WINDOWS\System32\GDI32.dll
0x00007ffcb8ee0000 - 0x00007ffcb917a000 	C:\WINDOWS\WinSxS\amd64_microsoft.windows.common-controls_6595b64144ccf1df_6.0.19041.844_none_ca00b6081b84eb1d\COMCTL32.dll
0x00007ffccbd00000 - 0x00007ffccbe0b000 	C:\WINDOWS\System32\gdi32full.dll
0x00007ffccd3c0000 - 0x00007ffccd45e000 	C:\WINDOWS\System32\msvcrt.dll
0x00007ffccb550000 - 0x00007ffccb5ed000 	C:\WINDOWS\System32\msvcp_win.dll
0x00007ffcccc80000 - 0x00007ffccccb0000 	C:\WINDOWS\System32\IMM32.DLL
0x00007ffc98a70000 - 0x00007ffc98b0d000 	E:\IntelliJ IDEA 2020.3.2\jbr\bin\msvcp140.dll
0x00007ffc7a1d0000 - 0x00007ffc7ac9e000 	E:\IntelliJ IDEA 2020.3.2\jbr\bin\server\jvm.dll
0x00007ffccc930000 - 0x00007ffccc9dc000 	C:\WINDOWS\System32\ADVAPI32.dll
0x00007ffccc6b0000 - 0x00007ffccc74c000 	C:\WINDOWS\System32\sechost.dll
0x00007ffcccb20000 - 0x00007ffcccc4b000 	C:\WINDOWS\System32\RPCRT4.dll
0x00007ffccc8c0000 - 0x00007ffccc8c8000 	C:\WINDOWS\System32\PSAPI.DLL
0x00007ffcc5730000 - 0x00007ffcc5739000 	C:\WINDOWS\SYSTEM32\WSOCK32.dll
0x00007ffcb4a90000 - 0x00007ffcb4ab7000 	C:\WINDOWS\SYSTEM32\WINMM.dll
0x00007ffccccb0000 - 0x00007ffcccd1b000 	C:\WINDOWS\System32\WS2_32.dll
0x00007ffcbd530000 - 0x00007ffcbd53a000 	C:\WINDOWS\SYSTEM32\VERSION.dll
0x00007ffcc9450000 - 0x00007ffcc9462000 	C:\WINDOWS\SYSTEM32\kernel.appcore.dll
0x00007ffcc5710000 - 0x00007ffcc5721000 	E:\IntelliJ IDEA 2020.3.2\jbr\bin\verify.dll
0x00007ffcbc030000 - 0x00007ffcbc214000 	C:\WINDOWS\SYSTEM32\DBGHELP.DLL
0x00007ffcbbfe0000 - 0x00007ffcbc00c000 	C:\WINDOWS\SYSTEM32\dbgcore.DLL
0x00007ffccbc80000 - 0x00007ffccbd00000 	C:\WINDOWS\System32\bcryptPrimitives.dll
0x00007ffcb6570000 - 0x00007ffcb6599000 	E:\IntelliJ IDEA 2020.3.2\jbr\bin\java.dll
0x00007ffcc4370000 - 0x00007ffcc437b000 	E:\IntelliJ IDEA 2020.3.2\jbr\bin\jimage.dll
0x00007ffcb2dd0000 - 0x00007ffcb2de8000 	E:\IntelliJ IDEA 2020.3.2\jbr\bin\zip.dll

dbghelp: loaded successfully - version: 4.0.5 - missing functions: none
symbol engine: initialized successfully - sym options: 0x614 - pdb path: .;E:\IntelliJ IDEA 2020.3.2\jbr\bin;C:\WINDOWS\SYSTEM32;C:\WINDOWS\WinSxS\amd64_microsoft.windows.common-controls_6595b64144ccf1df_6.0.19041.844_none_ca00b6081b84eb1d;E:\IntelliJ IDEA 2020.3.2\jbr\bin\server

VM Arguments:
java_command: org.jetbrains.git4idea.http.GitAskPassApp Username for 'https://github.com': 
java_class_path (initial): E:/IntelliJ IDEA 2020.3.2/plugins/git4idea/lib/git4idea-rt.jar;E:/IntelliJ IDEA 2020.3.2/lib/xmlrpc-2.0.1.jar;E:/IntelliJ IDEA 2020.3.2/lib/commons-codec-1.14.jar
Launcher Type: SUN_STANDARD

[Global flags]
     intx CICompilerCount                          = 4                                         {product} {ergonomic}
     uint ConcGCThreads                            = 3                                         {product} {ergonomic}
     uint G1ConcRefinementThreads                  = 10                                        {product} {ergonomic}
   size_t G1HeapRegionSize                         = 1048576                                   {product} {ergonomic}
    uintx GCDrainStackTargetSize                   = 64                                        {product} {ergonomic}
   size_t InitialHeapSize                          = 266338304                                 {product} {ergonomic}
   size_t MarkStackSize                            = 4194304                                   {product} {ergonomic}
   size_t MaxHeapSize                              = 4253024256                                {product} {ergonomic}
   size_t MinHeapDeltaBytes                        = 1048576                                   {product} {ergonomic}
    uintx NonNMethodCodeHeapSize                   = 5836300                                {pd product} {ergonomic}
    uintx NonProfiledCodeHeapSize                  = 122910970                              {pd product} {ergonomic}
    uintx ProfiledCodeHeapSize                     = 122910970                              {pd product} {ergonomic}
    uintx ReservedCodeCacheSize                    = 251658240                              {pd product} {ergonomic}
     bool SegmentedCodeCache                       = true                                      {product} {ergonomic}
     bool UseCompressedClassPointers               = true                                 {lp64_product} {ergonomic}
     bool UseCompressedOops                        = true                                 {lp64_product} {ergonomic}
     bool UseG1GC                                  = true                                      {product} {ergonomic}
     bool UseLargePagesIndividualAllocation        = false                                  {pd product} {ergonomic}

Logging:
Log output configuration:
 #0: stdout all=warning uptime,level,tags
 #1: stderr all=off uptime,level,tags

Environment Variables:
PATH=C:\Program Files\Git\mingw64\libexec\git-core;C:\Program Files\Git\mingw64\libexec\git-core;C:\Program Files\Git\mingw64\bin;C:\Program Files\Git\usr\bin;C:\Users\23575\bin;C:\Program Files\Microsoft MPI\Bin;C:\Program Files (x86)\Common Files\Oracle\Java\javapath;C:\WINDOWS\system32;C:\WINDOWS;C:\WINDOWS\System32\Wbem;C:\WINDOWS\System32\WindowsPowerShell\v1.0;C:\WINDOWS\System32\OpenSSH;C:\Program Files\Java\jdk1.8.0_181\bin；;.;C:\Program Files\Git\Program Files (x86)\Microsoft SQL Server\150\Tools\Binn;C:\Program Files\Microsoft SQL Server\150\Tools\Binn;C:\Program Files (x86)\Microsoft SQL Server\150\DTS\Binn;C:\Program Files\Microsoft SQL Server\150\DTS\Binn;C:\Program Files\Microsoft SQL Server\Client SDK\ODBC\170\Tools\Binn;C:\Program Files\Azure Data Studio\bin;C:\Program Files\Git\cmd;C:\Users\23575\AppData\Local\Microsoft\WindowsApps;C:\Program Files\Azure Data Studio\bin
USERNAME=23575
DISPLAY=:0.0
LC_ALL=en_US.UTF-8
OS=Windows_NT
PROCESSOR_IDENTIFIER=Intel64 Family 6 Model 158 Stepping 10, GenuineIntel



---------------  S Y S T E M  ---------------

OS: Windows 10 , 64 bit Build 19041 (10.0.19041.804)
OS uptime: 5 days 20:27 hours

CPU:total 12 (initial active 12) (6 cores per cpu, 2 threads per core) family 6 model 158 stepping 10, cmov, cx8, fxsr, mmx, sse, sse2, sse3, ssse3, sse4.1, sse4.2, popcnt, avx, avx2, aes, clmul, erms, 3dnowpref, lzcnt, ht, tsc, tscinvbit, bmi1, bmi2, adx, fma

Memory: 4k page, system-wide physical 16221M (1904M free)
TotalPageFile size 31367M (AvailPageFile size 9M)
current process WorkingSet (physical memory assigned to process): 15M, peak: 15M
current process commit charge ("private bytes"): 325M, peak: 325M

vm_info: OpenJDK 64-Bit Server VM (11.0.9.1+11-b1145.77) for windows-amd64 JRE (11.0.9.1+11-b1145.77), built on Jan 16 2021 05:14:13 by "" with MS VC++ 14.0 (VS2015)

END.
